2025-11-05 14:04:14 [INFO] --- NEW GAME SESSION STARTED ---
2025-11-05 14:04:14 [INFO] GameManagerSystem initialized.
2025-11-05 14:04:14 [GAME_EVENT] 
2025-11-05 14:04:16 [INFO] SCENE SET: level_01.
2025-11-05 14:04:16 [GAME_EVENT] 
2025-11-05 14:04:19 [INFO] Enemy type 2 spawned.
2025-11-05 14:04:20 [INFO] Enemy type 1 spawned.
2025-11-05 14:04:23 [INFO] ENEMY HIT: Enemy type 3 attacked by player via bullet. Damage done: 1
2025-11-05 14:04:23 [INFO] Enemy type 2 spawned.
2025-11-05 14:04:23 [INFO] ENEMY HIT: Enemy type 3 attacked by player via bullet. Damage done: 1
2025-11-05 14:04:23 [INFO] Enemy type 1 spawned.
2025-11-05 14:04:24 [INFO] ENEMY HIT: Enemy type 3 attacked by player via bullet. Damage done: 1
2025-11-05 14:04:24 [INFO] SCORE CHANGED: Player score updated by +200. Score: 0 -> 200.
2025-11-05 14:04:24 [INFO] ENEMY KILLED: 3. BY: 2
2025-11-05 14:04:25 [INFO] ENEMY HIT: Enemy type 5 attacked by player via bullet. Damage done: 1
2025-11-05 14:04:26 [INFO] Extra life generated.
2025-11-05 14:04:26 [INFO] ENEMY HIT: Enemy type 5 attacked by player via bullet. Damage done: 1
2025-11-05 14:04:26 [INFO] ENEMY HIT: Enemy type 5 attacked by player via bullet. Damage done: 1
2025-11-05 14:04:26 [INFO] ENEMY HIT: Enemy type 5 attacked by player via bullet. Damage done: 1
2025-11-05 14:04:26 [INFO] SCORE CHANGED: Player score updated by +100. Score: 200 -> 300.
2025-11-05 14:04:26 [INFO] ENEMY KILLED: 5. BY: 2
2025-11-05 14:04:27 [INFO] Enemy type 2 spawned.
2025-11-05 14:04:27 [INFO] Enemy type 1 spawned.
2025-11-05 14:04:28 [INFO] ENEMY HIT: Enemy type 3 attacked by player via bullet. Damage done: 1
2025-11-05 14:04:29 [INFO] ENEMY HIT: Enemy type 5 attacked by player via bullet. Damage done: 1
2025-11-05 14:04:29 [INFO] PLAYER HIT: Player attacked by Enemy 5 via direct contact. Damage done: 2
2025-11-05 14:04:29 [INFO] ENEMY HIT: Enemy type 3 attacked by player via bullet. Damage done: 1
2025-11-05 14:04:31 [INFO] Enemy type 2 spawned.
2025-11-05 14:04:31 [INFO] PLAYER HIT: Player attacked by Enemy 5 via direct contact. Damage done: 2
2025-11-05 14:04:31 [INFO] Enemy type 1 spawned.
2025-11-05 14:04:33 [INFO] PLAYER HIT: Player attacked by Enemy 5 via direct contact. Damage done: 2
2025-11-05 14:04:33 [INFO] Player died!. Triggering game over scene.
2025-11-05 14:04:33 [INFO] SCENE SET: defeat_menu.
2025-11-05 14:04:33 [GAME_EVENT] 
2025-11-05 14:04:36 [INFO] Attempting scene transition after Game Over. Scene: 
2025-11-05 14:04:36 [INFO] SCENE SET: level_01.
2025-11-05 14:04:36 [GAME_EVENT] 
2025-11-05 14:04:40 [INFO] Enemy type 2 spawned.
2025-11-05 14:04:40 [INFO] Enemy type 1 spawned.
2025-11-05 14:04:42 [INFO] ENEMY HIT: Enemy type 3 attacked by player via bullet. Damage done: 1
2025-11-05 14:04:42 [INFO] ENEMY HIT: Enemy type 3 attacked by player via bullet. Damage done: 1
2025-11-05 14:04:43 [INFO] Enemy type 2 spawned.
2025-11-05 14:04:44 [INFO] Enemy type 1 spawned.
2025-11-05 14:04:44 [INFO] ENEMY HIT: Enemy type 5 attacked by player via bullet. Damage done: 1
2025-11-05 14:04:44 [INFO] ENEMY HIT: Enemy type 3 attacked by player via bullet. Damage done: 1
2025-11-05 14:04:44 [INFO] SCORE CHANGED: Player score updated by +200. Score: 0 -> 200.
2025-11-05 14:04:44 [INFO] ENEMY KILLED: 3. BY: 2
2025-11-05 14:04:44 [INFO] ENEMY HIT: Enemy type 5 attacked by player via bullet. Damage done: 1
2025-11-05 14:04:45 [INFO] ENEMY HIT: Enemy type 5 attacked by player via bullet. Damage done: 1
2025-11-05 14:04:45 [INFO] ENEMY HIT: Enemy type 5 attacked by player via bullet. Damage done: 1
2025-11-05 14:04:45 [INFO] SCORE CHANGED: Player score updated by +100. Score: 200 -> 300.
2025-11-05 14:04:45 [INFO] ENEMY KILLED: 5. BY: 2
2025-11-05 14:04:46 [INFO] Extra life generated.
2025-11-05 14:04:47 [INFO] ENEMY HIT: Enemy type 5 attacked by player via bullet. Damage done: 1
2025-11-05 14:04:47 [INFO] Enemy type 2 spawned.
2025-11-05 14:04:47 [INFO] ENEMY HIT: Enemy type 5 attacked by player via bullet. Damage done: 1
2025-11-05 14:04:48 [INFO] ENEMY HIT: Enemy type 5 attacked by player via bullet. Damage done: 1
2025-11-05 14:04:48 [INFO] Enemy type 1 spawned.
2025-11-05 14:04:48 [INFO] PLAYER HIT: Player attacked by Enemy 5 via direct contact. Damage done: 2
2025-11-05 14:04:49 [INFO] ENEMY HIT: Enemy type 3 attacked by player via bullet. Damage done: 1
2025-11-05 14:04:50 [INFO] ENEMY HIT: Enemy type 3 attacked by player via bullet. Damage done: 1
2025-11-05 14:04:50 [INFO] POWERUP ACQUIRED: Extra Life.
2025-11-05 14:04:50 [INFO] RESOURCE CHANGE (Lives): Player gained 1 life. Lives: 3 -> 4.
2025-11-05 14:04:50 [INFO] ENEMY HIT: Enemy type 3 attacked by player via bullet. Damage done: 1
2025-11-05 14:04:51 [INFO] Enemy type 2 spawned.
2025-11-05 14:04:51 [INFO] ENEMY HIT: Enemy type 3 attacked by player via bullet. Damage done: 1
2025-11-05 14:04:51 [INFO] Enemy type 1 spawned.
2025-11-05 14:04:51 [INFO] ENEMY HIT: Enemy type 3 attacked by player via bullet. Damage done: 1
2025-11-05 14:04:51 [INFO] SCORE CHANGED: Player score updated by +200. Score: 300 -> 500.
2025-11-05 14:04:51 [INFO] ENEMY KILLED: 3. BY: 2
2025-11-05 14:04:52 [INFO] ENEMY HIT: Enemy type 5 attacked by player via bullet. Damage done: 1
2025-11-05 14:04:52 [INFO] PLAYER HIT: Player attacked by Enemy 5 via direct contact. Damage done: 2
2025-11-05 14:04:53 [INFO] ENEMY HIT: Enemy type 3 attacked by player via bullet. Damage done: 1
2025-11-05 14:04:54 [INFO] Enemy type 2 spawned.
2025-11-05 14:04:55 [INFO] Enemy type 1 spawned.
2025-11-05 14:04:55 [INFO] ENEMY HIT: Enemy type 3 attacked by player via bullet. Damage done: 1
2025-11-05 14:04:56 [INFO] ENEMY HIT: Enemy type 3 attacked by player via bullet. Damage done: 1
2025-11-05 14:04:56 [INFO] SCORE CHANGED: Player score updated by +200. Score: 500 -> 700.
2025-11-05 14:04:56 [INFO] ENEMY KILLED: 3. BY: 2
2025-11-05 14:04:56 [INFO] Time limit expired! Player alive. Triggering victory scene: level_01
2025-11-05 14:04:56 [INFO] SCENE SET: victory_menu.
2025-11-05 14:04:56 [INFO] Extra life generated.
2025-11-05 14:04:56 [GAME_EVENT] 
2025-11-05 14:04:57 [INFO] Transitioning to next scene. Current: level_01, Next: level_01
2025-11-05 14:04:57 [INFO] SCENE SET: level_02.
2025-11-05 14:04:57 [GAME_EVENT] 
2025-11-05 14:04:59 [INFO] Enemy type 2 spawned.
2025-11-05 14:05:01 [INFO] Enemy type 1 spawned.
2025-11-05 14:05:02 [INFO] Enemy type 2 spawned.
2025-11-05 14:05:02 [INFO] PLAYER HIT: Player attacked by Enemy 5 via direct contact. Damage done: 2
2025-11-05 14:05:04 [INFO] Enemy type 2 spawned.
2025-11-05 14:05:04 [INFO] ENEMY HIT: Enemy type 3 attacked by player via bullet. Damage done: 1
2025-11-05 14:05:04 [INFO] Enemy type 1 spawned.
2025-11-05 14:05:05 [INFO] Enemy type 3 spawned.
2025-11-05 14:05:06 [INFO] PLAYER HIT: Player attacked by Enemy 5 via direct contact. Damage done: 2
2025-11-05 14:05:06 [INFO] Enemy type 2 spawned.
2025-11-05 14:05:07 [INFO] Extra life generated.
2025-11-05 14:05:07 [INFO] PLAYER HIT: Player attacked by Enemy 4 via bullet. Damage done: 1
2025-11-05 14:05:08 [INFO] ENEMY KILLED: 1. BY: 4
2025-11-05 14:05:08 [INFO] Player died!. Triggering game over scene.
2025-11-05 14:05:08 [INFO] SCENE SET: defeat_menu.
2025-11-05 14:05:08 [GAME_EVENT] 
2025-11-05 14:05:09 [INFO] Attempting scene transition after Game Over. Scene: level_02
2025-11-05 14:05:09 [INFO] SCENE SET: level_02.
2025-11-05 14:05:10 [GAME_EVENT] 
2025-11-05 14:05:12 [INFO] Enemy type 2 spawned.
2025-11-05 14:05:13 [INFO] Enemy type 1 spawned.
2025-11-05 14:05:14 [INFO] Enemy type 2 spawned.
2025-11-05 14:05:16 [INFO] Enemy type 2 spawned.
2025-11-05 14:05:17 [INFO] Enemy type 1 spawned.
2025-11-05 14:05:17 [INFO] ENEMY HIT: Enemy type 5 attacked by player via bullet. Damage done: 1
2025-11-05 14:05:17 [INFO] Enemy type 3 spawned.
2025-11-05 14:05:17 [INFO] ENEMY HIT: Enemy type 5 attacked by player via bullet. Damage done: 1
2025-11-05 14:05:18 [INFO] ENEMY HIT: Enemy type 5 attacked by player via bullet. Damage done: 1
2025-11-05 14:05:18 [INFO] ENEMY HIT: Enemy type 5 attacked by player via bullet. Damage done: 1
2025-11-05 14:05:18 [INFO] SCORE CHANGED: Player score updated by +100. Score: 0 -> 100.
2025-11-05 14:05:18 [INFO] ENEMY KILLED: 5. BY: 2
2025-11-05 14:05:19 [INFO] Enemy type 2 spawned.
2025-11-05 14:05:19 [INFO] Extra life generated.
2025-11-05 14:05:21 [INFO] ENEMY HIT: Enemy type 3 attacked by player via bullet. Damage done: 1
2025-11-05 14:05:21 [INFO] Enemy type 1 spawned.
2025-11-05 14:05:21 [INFO] Enemy type 2 spawned.
2025-11-05 14:05:21 [INFO] ENEMY HIT: Enemy type 3 attacked by player via bullet. Damage done: 1
2025-11-05 14:05:22 [INFO] POWERUP ACQUIRED: Extra Life.
2025-11-05 14:05:22 [INFO] RESOURCE CHANGE (Lives): Player gained 1 life. Lives: 5 -> 6.
2025-11-05 14:05:23 [INFO] Enemy type 2 spawned.
2025-11-05 14:05:25 [INFO] Enemy type 1 spawned.
2025-11-05 14:05:25 [INFO] ENEMY HIT: Enemy type 5 attacked by player via bullet. Damage done: 1
2025-11-05 14:05:25 [INFO] ENEMY HIT: Enemy type 5 attacked by player via bullet. Damage done: 1
2025-11-05 14:05:25 [INFO] ENEMY HIT: Enemy type 3 attacked by player via bullet. Damage done: 1
2025-11-05 14:05:25 [INFO] Enemy type 3 spawned.
2025-11-05 14:05:26 [INFO] ENEMY HIT: Enemy type 5 attacked by player via bullet. Damage done: 1
2025-11-05 14:05:26 [INFO] Enemy type 2 spawned.
2025-11-05 14:05:26 [INFO] ENEMY HIT: Enemy type 3 attacked by player via bullet. Damage done: 1
2025-11-05 14:05:27 [INFO] ENEMY HIT: Enemy type 6 attacked by player via bullet. Damage done: 1
2025-11-05 14:05:27 [INFO] ENEMY HIT: Enemy type 6 attacked by player via bullet. Damage done: 1
2025-11-05 14:05:27 [INFO] ENEMY HIT: Enemy type 6 attacked by player via bullet. Damage done: 1
2025-11-05 14:05:27 [INFO] ENEMY HIT: Enemy type 6 attacked by player via bullet. Damage done: 1
2025-11-05 14:05:27 [INFO] ENEMY HIT: Enemy type 6 attacked by player via bullet. Damage done: 1
2025-11-05 14:05:28 [INFO] ENEMY HIT: Enemy type 3 attacked by player via bullet. Damage done: 1
2025-11-05 14:05:28 [INFO] SCORE CHANGED: Player score updated by +200. Score: 100 -> 300.
2025-11-05 14:05:28 [INFO] ENEMY KILLED: 3. BY: 2
2025-11-05 14:05:28 [INFO] Enemy type 2 spawned.
2025-11-05 14:05:28 [INFO] Enemy type 1 spawned.
2025-11-05 14:05:29 [INFO] Time limit expired! Player alive. Triggering victory scene: level_02
2025-11-05 14:05:29 [INFO] SCENE SET: victory_menu.
2025-11-05 14:05:30 [GAME_EVENT] 
2025-11-05 14:05:33 [INFO] Transitioning to next scene. Current: level_02, Next: level_02
2025-11-05 14:05:33 [INFO] SCENE SET: level_03.
2025-11-05 14:05:33 [GAME_EVENT] 
2025-11-05 14:05:34 [INFO] ENEMY HIT: Enemy type 7 attacked by player via bullet. Damage done: 1
2025-11-05 14:05:35 [INFO] ENEMY HIT: Enemy type 7 attacked by player via bullet. Damage done: 1
2025-11-05 14:05:35 [INFO] ENEMY HIT: Enemy type 7 attacked by player via bullet. Damage done: 1
2025-11-05 14:05:35 [INFO] ENEMY HIT: Enemy type 7 attacked by player via bullet. Damage done: 1
2025-11-05 14:05:36 [INFO] PLAYER HIT: Player attacked by Enemy 13 via bullet. Damage done: 1
2025-11-05 14:05:37 [INFO] ENEMY HIT: Enemy type 7 attacked by player via bullet. Damage done: 1
2025-11-05 14:05:37 [INFO] PLAYER HIT: Player attacked by Enemy 13 via bullet. Damage done: 1
2025-11-05 14:05:37 [INFO] PLAYER HIT: Player attacked by Enemy 13 via bullet. Damage done: 1
[INFO] --- GAME SESSION ENDED ---
