2025-11-05 14:09:00 [INFO] --- NEW GAME SESSION STARTED ---
2025-11-05 14:09:00 [INFO] GameManagerSystem initialized.
2025-11-05 14:09:00 [GAME_EVENT] 
2025-11-05 14:09:02 [INFO] SCENE SET: level_01.
2025-11-05 14:09:02 [GAME_EVENT] 
2025-11-05 14:09:05 [INFO] Enemy type 2 spawned.
2025-11-05 14:09:05 [INFO] Enemy type 1 spawned.
2025-11-05 14:09:08 [INFO] PLAYER HIT: Player attacked by Enemy 5 via direct contact. Damage done: 2
2025-11-05 14:09:09 [INFO] Enemy type 2 spawned.
2025-11-05 14:09:09 [INFO] Enemy type 1 spawned.
2025-11-05 14:09:10 [INFO] ENEMY HIT: Enemy type 3 attacked by player via bullet. Damage done: 1
2025-11-05 14:09:10 [INFO] ENEMY HIT: Enemy type 3 attacked by player via bullet. Damage done: 1
2025-11-05 14:09:12 [INFO] Extra life generated.
2025-11-05 14:09:12 [INFO] ENEMY HIT: Enemy type 3 attacked by player via bullet. Damage done: 1
2025-11-05 14:09:12 [INFO] SCORE CHANGED: Player score updated by +200. Score: 0 -> 200.
2025-11-05 14:09:12 [INFO] ENEMY KILLED: 3. BY: 2
2025-11-05 14:09:13 [INFO] Enemy type 2 spawned.
2025-11-05 14:09:13 [INFO] PLAYER HIT: Player attacked by Enemy 5 via direct contact. Damage done: 2
2025-11-05 14:09:13 [INFO] Enemy type 1 spawned.
2025-11-05 14:09:15 [INFO] ENEMY HIT: Enemy type 3 attacked by player via bullet. Damage done: 1
2025-11-05 14:09:15 [INFO] PLAYER HIT: Player attacked by Enemy 5 via direct contact. Damage done: 2
2025-11-05 14:09:15 [INFO] Player died!. Triggering game over scene.
2025-11-05 14:09:15 [INFO] SCENE SET: defeat_menu.
2025-11-05 14:09:15 [GAME_EVENT] 
2025-11-05 14:09:17 [INFO] Attempting scene transition after Game Over. Scene: 
2025-11-05 14:09:17 [INFO] SCENE SET: level_01.
2025-11-05 14:09:17 [GAME_EVENT] 
2025-11-05 14:09:21 [INFO] Enemy type 2 spawned.
2025-11-05 14:09:21 [INFO] Enemy type 1 spawned.
2025-11-05 14:09:24 [INFO] ENEMY HIT: Enemy type 3 attacked by player via bullet. Damage done: 1
2025-11-05 14:09:24 [INFO] ENEMY HIT: Enemy type 3 attacked by player via bullet. Damage done: 1
2025-11-05 14:09:24 [INFO] ENEMY HIT: Enemy type 3 attacked by player via bullet. Damage done: 1
2025-11-05 14:09:24 [INFO] SCORE CHANGED: Player score updated by +200. Score: 0 -> 200.
2025-11-05 14:09:24 [INFO] ENEMY KILLED: 3. BY: 2
2025-11-05 14:09:24 [INFO] Enemy type 2 spawned.
2025-11-05 14:09:25 [INFO] Enemy type 1 spawned.
2025-11-05 14:09:25 [INFO] ENEMY HIT: Enemy type 5 attacked by player via bullet. Damage done: 1
2025-11-05 14:09:26 [INFO] ENEMY HIT: Enemy type 5 attacked by player via bullet. Damage done: 1
2025-11-05 14:09:26 [INFO] ENEMY HIT: Enemy type 5 attacked by player via bullet. Damage done: 1
2025-11-05 14:09:26 [INFO] ENEMY HIT: Enemy type 5 attacked by player via bullet. Damage done: 1
2025-11-05 14:09:26 [INFO] SCORE CHANGED: Player score updated by +100. Score: 200 -> 300.
2025-11-05 14:09:26 [INFO] ENEMY KILLED: 5. BY: 2
2025-11-05 14:09:27 [INFO] Extra life generated.
2025-11-05 14:09:28 [INFO] Enemy type 2 spawned.
2025-11-05 14:09:28 [INFO] ENEMY HIT: Enemy type 3 attacked by player via bullet. Damage done: 1
2025-11-05 14:09:28 [INFO] ENEMY HIT: Enemy type 5 attacked by player via bullet. Damage done: 1
2025-11-05 14:09:29 [INFO] Enemy type 1 spawned.
2025-11-05 14:09:29 [INFO] ENEMY HIT: Enemy type 3 attacked by player via bullet. Damage done: 1
2025-11-05 14:09:29 [INFO] POWERUP ACQUIRED: Extra Life.
2025-11-05 14:09:29 [INFO] RESOURCE CHANGE (Lives): Player gained 1 life. Lives: 5 -> 6.
2025-11-05 14:09:30 [INFO] ENEMY HIT: Enemy type 3 attacked by player via bullet. Damage done: 1
2025-11-05 14:09:30 [INFO] ENEMY HIT: Enemy type 3 attacked by player via bullet. Damage done: 1
2025-11-05 14:09:31 [INFO] ENEMY HIT: Enemy type 3 attacked by player via bullet. Damage done: 1
2025-11-05 14:09:31 [INFO] SCORE CHANGED: Player score updated by +200. Score: 300 -> 500.
2025-11-05 14:09:31 [INFO] ENEMY KILLED: 3. BY: 2
2025-11-05 14:09:31 [INFO] ENEMY HIT: Enemy type 3 attacked by player via bullet. Damage done: 1
2025-11-05 14:09:31 [INFO] SCORE CHANGED: Player score updated by +200. Score: 500 -> 700.
2025-11-05 14:09:31 [INFO] ENEMY KILLED: 3. BY: 2
2025-11-05 14:09:32 [INFO] Enemy type 2 spawned.
2025-11-05 14:09:32 [INFO] Enemy type 1 spawned.
2025-11-05 14:09:34 [INFO] ENEMY HIT: Enemy type 3 attacked by player via bullet. Damage done: 1
2025-11-05 14:09:34 [INFO] ENEMY HIT: Enemy type 3 attacked by player via bullet. Damage done: 1
2025-11-05 14:09:34 [INFO] ENEMY HIT: Enemy type 3 attacked by player via bullet. Damage done: 1
2025-11-05 14:09:34 [INFO] SCORE CHANGED: Player score updated by +200. Score: 700 -> 900.
2025-11-05 14:09:34 [INFO] ENEMY KILLED: 3. BY: 2
2025-11-05 14:09:35 [INFO] Enemy type 2 spawned.
2025-11-05 14:09:36 [INFO] ENEMY HIT: Enemy type 5 attacked by player via bullet. Damage done: 1
2025-11-05 14:09:36 [INFO] ENEMY HIT: Enemy type 5 attacked by player via bullet. Damage done: 1
2025-11-05 14:09:36 [INFO] Enemy type 1 spawned.
2025-11-05 14:09:37 [INFO] ENEMY HIT: Enemy type 5 attacked by player via bullet. Damage done: 1
2025-11-05 14:09:37 [INFO] Extra life generated.
2025-11-05 14:09:37 [INFO] POWERUP ACQUIRED: Extra Life.
2025-11-05 14:09:37 [INFO] RESOURCE CHANGE (Lives): Player gained 1 life. Lives: 6 -> 7.
2025-11-05 14:09:37 [INFO] ENEMY HIT: Enemy type 5 attacked by player via bullet. Damage done: 1
2025-11-05 14:09:37 [INFO] ENEMY HIT: Enemy type 5 attacked by player via bullet. Damage done: 1
2025-11-05 14:09:39 [INFO] Enemy type 2 spawned.
2025-11-05 14:09:40 [INFO] ENEMY HIT: Enemy type 3 attacked by player via bullet. Damage done: 1
2025-11-05 14:09:40 [INFO] ENEMY HIT: Enemy type 3 attacked by player via bullet. Damage done: 1
2025-11-05 14:09:40 [INFO] Enemy type 1 spawned.
2025-11-05 14:09:40 [INFO] ENEMY HIT: Enemy type 3 attacked by player via bullet. Damage done: 1
2025-11-05 14:09:40 [INFO] SCORE CHANGED: Player score updated by +200. Score: 900 -> 1100.
2025-11-05 14:09:40 [INFO] ENEMY KILLED: 3. BY: 2
2025-11-05 14:09:43 [INFO] ENEMY HIT: Enemy type 5 attacked by player via bullet. Damage done: 1
2025-11-05 14:09:43 [INFO] Enemy type 2 spawned.
2025-11-05 14:09:43 [INFO] ENEMY HIT: Enemy type 5 attacked by player via bullet. Damage done: 1
2025-11-05 14:09:43 [INFO] ENEMY HIT: Enemy type 5 attacked by player via bullet. Damage done: 1
2025-11-05 14:09:44 [INFO] ENEMY HIT: Enemy type 5 attacked by player via bullet. Damage done: 1
2025-11-05 14:09:44 [INFO] SCORE CHANGED: Player score updated by +100. Score: 1100 -> 1200.
2025-11-05 14:09:44 [INFO] ENEMY KILLED: 5. BY: 2
2025-11-05 14:09:44 [INFO] Enemy type 1 spawned.
2025-11-05 14:09:44 [INFO] ENEMY HIT: Enemy type 5 attacked by player via bullet. Damage done: 1
2025-11-05 14:09:44 [INFO] ENEMY HIT: Enemy type 5 attacked by player via bullet. Damage done: 1
2025-11-05 14:09:45 [INFO] ENEMY HIT: Enemy type 5 attacked by player via bullet. Damage done: 1
2025-11-05 14:09:45 [INFO] SCORE CHANGED: Player score updated by +100. Score: 1200 -> 1300.
2025-11-05 14:09:45 [INFO] ENEMY KILLED: 5. BY: 2
2025-11-05 14:09:46 [INFO] ENEMY HIT: Enemy type 5 attacked by player via bullet. Damage done: 1
2025-11-05 14:09:46 [INFO] ENEMY HIT: Enemy type 5 attacked by player via bullet. Damage done: 1
2025-11-05 14:09:47 [INFO] Enemy type 2 spawned.
2025-11-05 14:09:47 [INFO] Extra life generated.
2025-11-05 14:09:48 [INFO] Enemy type 1 spawned.
2025-11-05 14:09:48 [INFO] ENEMY HIT: Enemy type 3 attacked by player via bullet. Damage done: 1
2025-11-05 14:09:49 [INFO] POWERUP ACQUIRED: Extra Life.
2025-11-05 14:09:49 [INFO] RESOURCE CHANGE (Lives): Player gained 1 life. Lives: 7 -> 8.
2025-11-05 14:09:50 [INFO] Enemy type 2 spawned.
2025-11-05 14:09:52 [INFO] Enemy type 1 spawned.
2025-11-05 14:09:52 [INFO] ENEMY HIT: Enemy type 5 attacked by player via bullet. Damage done: 1
2025-11-05 14:09:53 [INFO] ENEMY HIT: Enemy type 5 attacked by player via bullet. Damage done: 1
2025-11-05 14:09:53 [INFO] SCORE CHANGED: Player score updated by +100. Score: 1300 -> 1400.
2025-11-05 14:09:53 [INFO] ENEMY KILLED: 5. BY: 2
2025-11-05 14:09:53 [INFO] ENEMY HIT: Enemy type 5 attacked by player via bullet. Damage done: 1
2025-11-05 14:09:54 [INFO] ENEMY HIT: Enemy type 5 attacked by player via bullet. Damage done: 1
2025-11-05 14:09:54 [INFO] SCORE CHANGED: Player score updated by +100. Score: 1400 -> 1500.
2025-11-05 14:09:54 [INFO] ENEMY KILLED: 5. BY: 2
2025-11-05 14:09:54 [INFO] ENEMY HIT: Enemy type 5 attacked by player via bullet. Damage done: 1
2025-11-05 14:09:54 [INFO] SCORE CHANGED: Player score updated by +100. Score: 1500 -> 1600.
2025-11-05 14:09:54 [INFO] ENEMY KILLED: 5. BY: 2
2025-11-05 14:09:54 [INFO] Enemy type 2 spawned.
2025-11-05 14:09:54 [INFO] ENEMY HIT: Enemy type 5 attacked by player via bullet. Damage done: 1
2025-11-05 14:09:54 [INFO] ENEMY HIT: Enemy type 5 attacked by player via bullet. Damage done: 1
2025-11-05 14:09:55 [INFO] ENEMY HIT: Enemy type 3 attacked by player via bullet. Damage done: 1
2025-11-05 14:09:55 [INFO] ENEMY HIT: Enemy type 5 attacked by player via bullet. Damage done: 1
2025-11-05 14:09:56 [INFO] Enemy type 1 spawned.
2025-11-05 14:09:56 [INFO] ENEMY HIT: Enemy type 3 attacked by player via bullet. Damage done: 1
2025-11-05 14:09:56 [INFO] ENEMY HIT: Enemy type 3 attacked by player via bullet. Damage done: 1
2025-11-05 14:09:56 [INFO] SCORE CHANGED: Player score updated by +200. Score: 1600 -> 1800.
2025-11-05 14:09:56 [INFO] ENEMY KILLED: 3. BY: 2
2025-11-05 14:09:57 [INFO] Extra life generated.
2025-11-05 14:09:57 [INFO] ENEMY HIT: Enemy type 3 attacked by player via bullet. Damage done: 1
2025-11-05 14:09:58 [INFO] ENEMY HIT: Enemy type 3 attacked by player via bullet. Damage done: 1
2025-11-05 14:09:58 [INFO] Enemy type 2 spawned.
2025-11-05 14:09:59 [INFO] ENEMY HIT: Enemy type 5 attacked by player via bullet. Damage done: 1
2025-11-05 14:09:59 [INFO] ENEMY HIT: Enemy type 5 attacked by player via bullet. Damage done: 1
2025-11-05 14:09:59 [INFO] ENEMY HIT: Enemy type 3 attacked by player via bullet. Damage done: 1
2025-11-05 14:09:59 [INFO] SCORE CHANGED: Player score updated by +200. Score: 1800 -> 2000.
2025-11-05 14:09:59 [INFO] ENEMY KILLED: 3. BY: 2
2025-11-05 14:09:59 [INFO] ENEMY HIT: Enemy type 5 attacked by player via bullet. Damage done: 1
2025-11-05 14:09:59 [INFO] Enemy type 1 spawned.
2025-11-05 14:10:00 [INFO] ENEMY HIT: Enemy type 5 attacked by player via bullet. Damage done: 1
2025-11-05 14:10:00 [INFO] POWERUP ACQUIRED: Extra Life.
2025-11-05 14:10:00 [INFO] RESOURCE CHANGE (Lives): Player gained 1 life. Lives: 8 -> 9.
2025-11-05 14:10:01 [INFO] Enemy type 2 spawned.
2025-11-05 14:10:01 [INFO] ENEMY HIT: Enemy type 3 attacked by player via bullet. Damage done: 1
2025-11-05 14:10:01 [INFO] ENEMY HIT: Enemy type 3 attacked by player via bullet. Damage done: 1
2025-11-05 14:10:01 [INFO] SCORE CHANGED: Player score updated by +200. Score: 2000 -> 2200.
2025-11-05 14:10:01 [INFO] ENEMY KILLED: 3. BY: 2
2025-11-05 14:10:03 [INFO] Enemy type 1 spawned.
2025-11-05 14:10:05 [INFO] Enemy type 2 spawned.
2025-11-05 14:10:05 [INFO] ENEMY HIT: Enemy type 3 attacked by player via bullet. Damage done: 1
2025-11-05 14:10:06 [INFO] ENEMY HIT: Enemy type 3 attacked by player via bullet. Damage done: 1
2025-11-05 14:10:06 [INFO] ENEMY HIT: Enemy type 5 attacked by player via bullet. Damage done: 1
2025-11-05 14:10:06 [INFO] ENEMY HIT: Enemy type 5 attacked by player via bullet. Damage done: 1
2025-11-05 14:10:06 [INFO] ENEMY HIT: Enemy type 3 attacked by player via bullet. Damage done: 1
2025-11-05 14:10:06 [INFO] ENEMY HIT: Enemy type 5 attacked by player via bullet. Damage done: 1
2025-11-05 14:10:06 [INFO] SCORE CHANGED: Player score updated by +100. Score: 2200 -> 2300.
2025-11-05 14:10:06 [INFO] ENEMY KILLED: 5. BY: 2
2025-11-05 14:10:06 [INFO] ENEMY HIT: Enemy type 5 attacked by player via bullet. Damage done: 1
2025-11-05 14:10:06 [INFO] SCORE CHANGED: Player score updated by +100. Score: 2300 -> 2400.
2025-11-05 14:10:06 [INFO] ENEMY KILLED: 5. BY: 2
2025-11-05 14:10:07 [INFO] ENEMY HIT: Enemy type 5 attacked by player via bullet. Damage done: 1
2025-11-05 14:10:07 [INFO] Extra life generated.
2025-11-05 14:10:07 [INFO] Enemy type 1 spawned.
2025-11-05 14:10:08 [INFO] ENEMY HIT: Enemy type 5 attacked by player via bullet. Damage done: 1
2025-11-05 14:10:08 [INFO] ENEMY HIT: Enemy type 5 attacked by player via bullet. Damage done: 1
2025-11-05 14:10:08 [INFO] ENEMY HIT: Enemy type 5 attacked by player via bullet. Damage done: 1
2025-11-05 14:10:09 [INFO] Enemy type 2 spawned.
2025-11-05 14:10:10 [INFO] ENEMY HIT: Enemy type 3 attacked by player via bullet. Damage done: 1
2025-11-05 14:10:10 [INFO] ENEMY HIT: Enemy type 3 attacked by player via bullet. Damage done: 1
2025-11-05 14:10:10 [INFO] ENEMY HIT: Enemy type 3 attacked by player via bullet. Damage done: 1
2025-11-05 14:10:10 [INFO] SCORE CHANGED: Player score updated by +200. Score: 2400 -> 2600.
2025-11-05 14:10:10 [INFO] ENEMY KILLED: 3. BY: 2
2025-11-05 14:10:10 [INFO] ENEMY HIT: Enemy type 3 attacked by player via bullet. Damage done: 1
2025-11-05 14:10:11 [INFO] Enemy type 1 spawned.
2025-11-05 14:10:12 [INFO] Enemy type 2 spawned.
2025-11-05 14:10:13 [INFO] POWERUP ACQUIRED: Extra Life.
2025-11-05 14:10:13 [INFO] RESOURCE CHANGE (Lives): Player gained 1 life. Lives: 9 -> 10.
2025-11-05 14:10:14 [INFO] ENEMY HIT: Enemy type 3 attacked by player via bullet. Damage done: 1
2025-11-05 14:10:15 [INFO] ENEMY HIT: Enemy type 3 attacked by player via bullet. Damage done: 1
2025-11-05 14:10:15 [INFO] SCORE CHANGED: Player score updated by +200. Score: 2600 -> 2800.
2025-11-05 14:10:15 [INFO] ENEMY KILLED: 3. BY: 2
2025-11-05 14:10:15 [INFO] Enemy type 1 spawned.
2025-11-05 14:10:15 [INFO] ENEMY HIT: Enemy type 5 attacked by player via bullet. Damage done: 1
2025-11-05 14:10:15 [INFO] ENEMY HIT: Enemy type 5 attacked by player via bullet. Damage done: 1
2025-11-05 14:10:16 [INFO] ENEMY HIT: Enemy type 5 attacked by player via bullet. Damage done: 1
2025-11-05 14:10:16 [INFO] ENEMY HIT: Enemy type 5 attacked by player via bullet. Damage done: 1
2025-11-05 14:10:16 [INFO] Enemy type 2 spawned.
2025-11-05 14:10:16 [INFO] ENEMY HIT: Enemy type 5 attacked by player via bullet. Damage done: 1
2025-11-05 14:10:16 [INFO] SCORE CHANGED: Player score updated by +100. Score: 2800 -> 2900.
2025-11-05 14:10:16 [INFO] ENEMY KILLED: 5. BY: 2
2025-11-05 14:10:17 [INFO] ENEMY HIT: Enemy type 5 attacked by player via bullet. Damage done: 1
2025-11-05 14:10:17 [INFO] Time limit expired! Player alive. Triggering victory scene: level_01
2025-11-05 14:10:17 [INFO] SCENE SET: victory_menu.
2025-11-05 14:10:17 [GAME_EVENT] 
2025-11-05 14:10:20 [INFO] Transitioning to next scene. Current: level_01, Next: level_01
2025-11-05 14:10:20 [INFO] SCENE SET: level_02.
2025-11-05 14:10:20 [GAME_EVENT] 
2025-11-05 14:10:22 [INFO] Enemy type 2 spawned.
[INFO] --- GAME SESSION ENDED ---
