2025-11-05 13:07:37 [INFO] --- NEW GAME SESSION STARTED ---
2025-11-05 13:07:37 [INFO] GameManagerSystem initialized.
2025-11-05 13:07:37 [GAME_EVENT] 
2025-11-05 13:07:39 [INFO] SCENE SET: level_01.
2025-11-05 13:07:39 [GAME_EVENT] 
2025-11-05 13:07:43 [INFO] Enemy type 2 spawned.
2025-11-05 13:07:43 [INFO] Enemy type 1 spawned.
2025-11-05 13:07:46 [INFO] ENEMY HIT: Enemy type 3 attacked by player via bullet. Damage done: 1
2025-11-05 13:07:46 [INFO] ENEMY HIT: Enemy type 5 attacked by player via bullet. Damage done: 1
2025-11-05 13:07:46 [INFO] ENEMY HIT: Enemy type 5 attacked by player via bullet. Damage done: 1
2025-11-05 13:07:46 [INFO] Enemy type 2 spawned.
2025-11-05 13:07:47 [INFO] ENEMY HIT: Enemy type 5 attacked by player via bullet. Damage done: 1
2025-11-05 13:07:47 [INFO] Enemy type 1 spawned.
2025-11-05 13:07:47 [INFO] ENEMY HIT: Enemy type 5 attacked by player via bullet. Damage done: 1
2025-11-05 13:07:47 [INFO] SCORE CHANGED: Player score updated by +100. Score: 0 -> 100.
2025-11-05 13:07:47 [INFO] ENEMY KILLED: 5. BY: 2
2025-11-05 13:07:49 [INFO] Extra life generated.
2025-11-05 13:07:50 [INFO] Enemy type 2 spawned.
2025-11-05 13:07:50 [INFO] PLAYER HIT: Player attacked by Enemy 4 via bullet. Damage done: 1
2025-11-05 13:07:50 [INFO] ENEMY HIT: Enemy type 3 attacked by player via bullet. Damage done: 1
2025-11-05 13:07:50 [INFO] ENEMY HIT: Enemy type 3 attacked by player via bullet. Damage done: 1
2025-11-05 13:07:50 [INFO] ENEMY HIT: Enemy type 3 attacked by player via bullet. Damage done: 1
2025-11-05 13:07:50 [INFO] SCORE CHANGED: Player score updated by +200. Score: 100 -> 300.
2025-11-05 13:07:50 [INFO] ENEMY KILLED: 3. BY: 2
2025-11-05 13:07:51 [INFO] Enemy type 1 spawned.
2025-11-05 13:07:52 [INFO] POWERUP ACQUIRED: Extra Life.
2025-11-05 13:07:52 [INFO] RESOURCE CHANGE (Lives): Player gained 1 life. Lives: 4 -> 5.
2025-11-05 13:07:52 [INFO] ENEMY HIT: Enemy type 3 attacked by player via bullet. Damage done: 1
2025-11-05 13:07:52 [INFO] ENEMY HIT: Enemy type 3 attacked by player via bullet. Damage done: 1
2025-11-05 13:07:52 [INFO] SCORE CHANGED: Player score updated by +200. Score: 300 -> 500.
2025-11-05 13:07:52 [INFO] ENEMY KILLED: 3. BY: 2
2025-11-05 13:07:54 [INFO] ENEMY HIT: Enemy type 3 attacked by player via bullet. Damage done: 1
2025-11-05 13:07:54 [INFO] Enemy type 2 spawned.
2025-11-05 13:07:55 [INFO] Enemy type 1 spawned.
2025-11-05 13:07:55 [INFO] ENEMY HIT: Enemy type 3 attacked by player via bullet. Damage done: 1
2025-11-05 13:07:56 [INFO] ENEMY HIT: Enemy type 3 attacked by player via bullet. Damage done: 1
2025-11-05 13:07:56 [INFO] SCORE CHANGED: Player score updated by +200. Score: 500 -> 700.
2025-11-05 13:07:56 [INFO] ENEMY KILLED: 3. BY: 2
2025-11-05 13:07:57 [INFO] ENEMY HIT: Enemy type 5 attacked by player via bullet. Damage done: 1
2025-11-05 13:07:57 [INFO] ENEMY HIT: Enemy type 5 attacked by player via bullet. Damage done: 1
2025-11-05 13:07:58 [INFO] Enemy type 2 spawned.
2025-11-05 13:07:58 [INFO] ENEMY HIT: Enemy type 5 attacked by player via bullet. Damage done: 1
2025-11-05 13:07:58 [INFO] ENEMY HIT: Enemy type 5 attacked by player via bullet. Damage done: 1
2025-11-05 13:07:58 [INFO] SCORE CHANGED: Player score updated by +100. Score: 700 -> 800.
2025-11-05 13:07:58 [INFO] ENEMY KILLED: 5. BY: 2
2025-11-05 13:07:58 [INFO] Enemy type 1 spawned.
2025-11-05 13:07:59 [INFO] ENEMY HIT: Enemy type 5 attacked by player via bullet. Damage done: 1
2025-11-05 13:07:59 [INFO] Extra life generated.
2025-11-05 13:07:59 [INFO] ENEMY HIT: Enemy type 5 attacked by player via bullet. Damage done: 1
2025-11-05 13:07:59 [INFO] ENEMY HIT: Enemy type 5 attacked by player via bullet. Damage done: 1
2025-11-05 13:08:00 [INFO] ENEMY HIT: Enemy type 3 attacked by player via bullet. Damage done: 1
2025-11-05 13:08:00 [INFO] ENEMY HIT: Enemy type 5 attacked by player via bullet. Damage done: 1
2025-11-05 13:08:00 [INFO] SCORE CHANGED: Player score updated by +100. Score: 800 -> 900.
2025-11-05 13:08:00 [INFO] ENEMY KILLED: 5. BY: 2
2025-11-05 13:08:00 [INFO] ENEMY HIT: Enemy type 5 attacked by player via bullet. Damage done: 1
2025-11-05 13:08:00 [INFO] ENEMY HIT: Enemy type 5 attacked by player via bullet. Damage done: 1
2025-11-05 13:08:01 [INFO] ENEMY HIT: Enemy type 5 attacked by player via bullet. Damage done: 1
2025-11-05 13:08:01 [INFO] Enemy type 2 spawned.
2025-11-05 13:08:02 [INFO] PLAYER HIT: Player attacked by Enemy 4 via bullet. Damage done: 1
2025-11-05 13:08:02 [INFO] Enemy type 1 spawned.
2025-11-05 13:08:05 [INFO] Enemy type 2 spawned.
2025-11-05 13:08:05 [INFO] ENEMY HIT: Enemy type 3 attacked by player via bullet. Damage done: 1
2025-11-05 13:08:06 [INFO] POWERUP ACQUIRED: Extra Life.
2025-11-05 13:08:06 [INFO] RESOURCE CHANGE (Lives): Player gained 1 life. Lives: 4 -> 5.
2025-11-05 13:08:06 [INFO] Enemy type 1 spawned.
2025-11-05 13:08:07 [INFO] ENEMY HIT: Enemy type 3 attacked by player via bullet. Damage done: 1
2025-11-05 13:08:07 [INFO] ENEMY HIT: Enemy type 5 attacked by player via bullet. Damage done: 1
2025-11-05 13:08:08 [INFO] ENEMY HIT: Enemy type 5 attacked by player via bullet. Damage done: 1
2025-11-05 13:08:08 [INFO] ENEMY HIT: Enemy type 5 attacked by player via bullet. Damage done: 1
2025-11-05 13:08:08 [INFO] ENEMY HIT: Enemy type 5 attacked by player via bullet. Damage done: 1
2025-11-05 13:08:08 [INFO] SCORE CHANGED: Player score updated by +100. Score: 900 -> 1000.
2025-11-05 13:08:08 [INFO] ENEMY KILLED: 5. BY: 2
2025-11-05 13:08:09 [INFO] ENEMY HIT: Enemy type 5 attacked by player via bullet. Damage done: 1
2025-11-05 13:08:09 [INFO] Enemy type 2 spawned.
2025-11-05 13:08:09 [INFO] ENEMY HIT: Enemy type 5 attacked by player via bullet. Damage done: 1
2025-11-05 13:08:09 [INFO] Extra life generated.
2025-11-05 13:08:09 [INFO] ENEMY HIT: Enemy type 5 attacked by player via bullet. Damage done: 1
2025-11-05 13:08:10 [INFO] ENEMY HIT: Enemy type 5 attacked by player via bullet. Damage done: 1
2025-11-05 13:08:10 [INFO] SCORE CHANGED: Player score updated by +100. Score: 1000 -> 1100.
2025-11-05 13:08:10 [INFO] ENEMY KILLED: 5. BY: 2
2025-11-05 13:08:10 [INFO] Enemy type 1 spawned.
2025-11-05 13:08:11 [INFO] POWERUP ACQUIRED: Extra Life.
2025-11-05 13:08:11 [INFO] RESOURCE CHANGE (Lives): Player gained 1 life. Lives: 5 -> 6.
2025-11-05 13:08:12 [INFO] ENEMY HIT: Enemy type 3 attacked by player via bullet. Damage done: 1
2025-11-05 13:08:12 [INFO] ENEMY HIT: Enemy type 3 attacked by player via bullet. Damage done: 1
2025-11-05 13:08:12 [INFO] Enemy type 2 spawned.
2025-11-05 13:08:13 [INFO] ENEMY HIT: Enemy type 3 attacked by player via bullet. Damage done: 1
2025-11-05 13:08:13 [INFO] SCORE CHANGED: Player score updated by +200. Score: 1100 -> 1300.
2025-11-05 13:08:13 [INFO] ENEMY KILLED: 3. BY: 2
2025-11-05 13:08:14 [INFO] Enemy type 1 spawned.
2025-11-05 13:08:14 [INFO] ENEMY HIT: Enemy type 5 attacked by player via bullet. Damage done: 1
2025-11-05 13:08:15 [INFO] PLAYER HIT: Player attacked by Enemy 4 via bullet. Damage done: 1
2025-11-05 13:08:15 [INFO] ENEMY HIT: Enemy type 5 attacked by player via bullet. Damage done: 1
2025-11-05 13:08:15 [INFO] ENEMY HIT: Enemy type 5 attacked by player via bullet. Damage done: 1
2025-11-05 13:08:15 [INFO] SCORE CHANGED: Player score updated by +100. Score: 1300 -> 1400.
2025-11-05 13:08:15 [INFO] ENEMY KILLED: 5. BY: 2
2025-11-05 13:08:16 [INFO] ENEMY HIT: Enemy type 5 attacked by player via bullet. Damage done: 1
2025-11-05 13:08:16 [INFO] Enemy type 2 spawned.
2025-11-05 13:08:18 [INFO] PLAYER HIT: Player attacked by Enemy 4 via bullet. Damage done: 1
2025-11-05 13:08:18 [INFO] Enemy type 1 spawned.
2025-11-05 13:08:18 [INFO] ENEMY HIT: Enemy type 3 attacked by player via bullet. Damage done: 1
2025-11-05 13:08:18 [INFO] SCORE CHANGED: Player score updated by +200. Score: 1400 -> 1600.
2025-11-05 13:08:18 [INFO] ENEMY KILLED: 3. BY: 2
2025-11-05 13:08:19 [INFO] Extra life generated.
2025-11-05 13:08:20 [INFO] Enemy type 2 spawned.
2025-11-05 13:08:20 [INFO] PLAYER HIT: Player attacked by Enemy 4 via bullet. Damage done: 1
2025-11-05 13:08:20 [INFO] ENEMY HIT: Enemy type 3 attacked by player via bullet. Damage done: 1
2025-11-05 13:08:21 [INFO] ENEMY HIT: Enemy type 3 attacked by player via bullet. Damage done: 1
2025-11-05 13:08:21 [INFO] PLAYER HIT: Player attacked by Enemy 4 via bullet. Damage done: 1
2025-11-05 13:08:21 [INFO] ENEMY HIT: Enemy type 3 attacked by player via bullet. Damage done: 1
2025-11-05 13:08:21 [INFO] SCORE CHANGED: Player score updated by +200. Score: 1600 -> 1800.
2025-11-05 13:08:21 [INFO] ENEMY KILLED: 3. BY: 2
2025-11-05 13:08:21 [INFO] ENEMY HIT: Enemy type 3 attacked by player via bullet. Damage done: 1
2025-11-05 13:08:21 [INFO] POWERUP ACQUIRED: Extra Life.
2025-11-05 13:08:21 [INFO] RESOURCE CHANGE (Lives): Player gained 1 life. Lives: 2 -> 3.
2025-11-05 13:08:22 [INFO] Enemy type 1 spawned.
2025-11-05 13:08:23 [INFO] ENEMY HIT: Enemy type 3 attacked by player via bullet. Damage done: 1
2025-11-05 13:08:24 [INFO] Enemy type 2 spawned.
2025-11-05 13:08:24 [INFO] PLAYER HIT: Player attacked by Enemy 5 via direct contact. Damage done: 2
2025-11-05 13:08:25 [INFO] ENEMY HIT: Enemy type 3 attacked by player via bullet. Damage done: 1
2025-11-05 13:08:25 [INFO] Enemy type 1 spawned.
2025-11-05 13:08:26 [INFO] ENEMY HIT: Enemy type 5 attacked by player via bullet. Damage done: 1
2025-11-05 13:08:26 [INFO] ENEMY HIT: Enemy type 5 attacked by player via bullet. Damage done: 1
2025-11-05 13:08:27 [INFO] ENEMY HIT: Enemy type 5 attacked by player via bullet. Damage done: 1
2025-11-05 13:08:27 [INFO] ENEMY HIT: Enemy type 5 attacked by player via bullet. Damage done: 1
2025-11-05 13:08:27 [INFO] SCORE CHANGED: Player score updated by +100. Score: 1800 -> 1900.
2025-11-05 13:08:27 [INFO] ENEMY KILLED: 5. BY: 2
2025-11-05 13:08:27 [INFO] ENEMY HIT: Enemy type 5 attacked by player via bullet. Damage done: 1
2025-11-05 13:08:27 [INFO] Enemy type 2 spawned.
2025-11-05 13:08:28 [INFO] ENEMY HIT: Enemy type 5 attacked by player via bullet. Damage done: 1
2025-11-05 13:08:28 [INFO] SCORE CHANGED: Player score updated by +100. Score: 1900 -> 2000.
2025-11-05 13:08:28 [INFO] ENEMY KILLED: 5. BY: 2
2025-11-05 13:08:28 [INFO] ENEMY HIT: Enemy type 5 attacked by player via bullet. Damage done: 1
2025-11-05 13:08:28 [INFO] ENEMY HIT: Enemy type 5 attacked by player via bullet. Damage done: 1
2025-11-05 13:08:28 [INFO] ENEMY HIT: Enemy type 5 attacked by player via bullet. Damage done: 1
2025-11-05 13:08:28 [INFO] SCORE CHANGED: Player score updated by +100. Score: 2000 -> 2100.
2025-11-05 13:08:28 [INFO] ENEMY KILLED: 5. BY: 2
2025-11-05 13:08:29 [INFO] ENEMY HIT: Enemy type 5 attacked by player via bullet. Damage done: 1
2025-11-05 13:08:29 [INFO] ENEMY HIT: Enemy type 5 attacked by player via bullet. Damage done: 1
2025-11-05 13:08:29 [INFO] Extra life generated.
2025-11-05 13:08:29 [INFO] PLAYER HIT: Player attacked by Enemy 5 via direct contact. Damage done: 2
2025-11-05 13:08:29 [INFO] Player died!. Triggering game over scene.
2025-11-05 13:08:29 [INFO] SCENE SET: defeat_menu.
2025-11-05 13:08:29 [GAME_EVENT] 
2025-11-05 13:08:32 [INFO] Attempting scene transition after Game Over. Scene: level_01
2025-11-05 13:08:32 [INFO] SCENE SET: level_01.
2025-11-05 13:08:32 [GAME_EVENT] 
2025-11-05 13:08:36 [INFO] Enemy type 2 spawned.
2025-11-05 13:08:36 [INFO] Enemy type 1 spawned.
2025-11-05 13:08:37 [INFO] ENEMY HIT: Enemy type 3 attacked by player via bullet. Damage done: 1
2025-11-05 13:08:38 [INFO] ENEMY HIT: Enemy type 3 attacked by player via bullet. Damage done: 1
2025-11-05 13:08:39 [INFO] ENEMY HIT: Enemy type 3 attacked by player via bullet. Damage done: 1
2025-11-05 13:08:39 [INFO] SCORE CHANGED: Player score updated by +200. Score: 0 -> 200.
2025-11-05 13:08:39 [INFO] ENEMY KILLED: 3. BY: 2
2025-11-05 13:08:39 [INFO] Enemy type 2 spawned.
2025-11-05 13:08:40 [INFO] Enemy type 1 spawned.
2025-11-05 13:08:41 [INFO] ENEMY HIT: Enemy type 5 attacked by player via bullet. Damage done: 1
2025-11-05 13:08:41 [INFO] ENEMY HIT: Enemy type 5 attacked by player via bullet. Damage done: 1
2025-11-05 13:08:41 [INFO] ENEMY HIT: Enemy type 5 attacked by player via bullet. Damage done: 1
2025-11-05 13:08:41 [INFO] ENEMY HIT: Enemy type 5 attacked by player via bullet. Damage done: 1
2025-11-05 13:08:41 [INFO] SCORE CHANGED: Player score updated by +100. Score: 200 -> 300.
2025-11-05 13:08:41 [INFO] ENEMY KILLED: 5. BY: 2
2025-11-05 13:08:42 [INFO] Extra life generated.
2025-11-05 13:08:43 [INFO] Enemy type 2 spawned.
2025-11-05 13:08:44 [INFO] Enemy type 1 spawned.
2025-11-05 13:08:44 [INFO] ENEMY HIT: Enemy type 5 attacked by player via bullet. Damage done: 1
2025-11-05 13:08:44 [INFO] ENEMY HIT: Enemy type 5 attacked by player via bullet. Damage done: 1
2025-11-05 13:08:45 [INFO] ENEMY HIT: Enemy type 5 attacked by player via bullet. Damage done: 1
2025-11-05 13:08:45 [INFO] ENEMY HIT: Enemy type 5 attacked by player via bullet. Damage done: 1
2025-11-05 13:08:45 [INFO] SCORE CHANGED: Player score updated by +100. Score: 300 -> 400.
2025-11-05 13:08:45 [INFO] ENEMY KILLED: 5. BY: 2
2025-11-05 13:08:46 [INFO] ENEMY HIT: Enemy type 5 attacked by player via bullet. Damage done: 1
2025-11-05 13:08:46 [INFO] ENEMY HIT: Enemy type 5 attacked by player via bullet. Damage done: 1
2025-11-05 13:08:46 [INFO] ENEMY HIT: Enemy type 5 attacked by player via bullet. Damage done: 1
2025-11-05 13:08:47 [INFO] ENEMY HIT: Enemy type 5 attacked by player via bullet. Damage done: 1
2025-11-05 13:08:47 [INFO] SCORE CHANGED: Player score updated by +100. Score: 400 -> 500.
2025-11-05 13:08:47 [INFO] ENEMY KILLED: 5. BY: 2
2025-11-05 13:08:47 [INFO] Enemy type 2 spawned.
2025-11-05 13:08:48 [INFO] Enemy type 1 spawned.
2025-11-05 13:08:50 [INFO] PLAYER HIT: Player attacked by Enemy 4 via bullet. Damage done: 1
2025-11-05 13:08:50 [INFO] ENEMY HIT: Enemy type 3 attacked by player via bullet. Damage done: 1
2025-11-05 13:08:51 [INFO] Enemy type 2 spawned.
2025-11-05 13:08:51 [INFO] ENEMY HIT: Enemy type 3 attacked by player via bullet. Damage done: 1
2025-11-05 13:08:51 [INFO] ENEMY HIT: Enemy type 3 attacked by player via bullet. Damage done: 1
2025-11-05 13:08:51 [INFO] ENEMY HIT: Enemy type 3 attacked by player via bullet. Damage done: 1
2025-11-05 13:08:51 [INFO] SCORE CHANGED: Player score updated by +200. Score: 500 -> 700.
2025-11-05 13:08:51 [INFO] ENEMY KILLED: 3. BY: 2
2025-11-05 13:08:51 [INFO] Enemy type 1 spawned.
2025-11-05 13:08:52 [INFO] Extra life generated.
2025-11-05 13:08:53 [INFO] POWERUP ACQUIRED: Extra Life.
2025-11-05 13:08:53 [INFO] RESOURCE CHANGE (Lives): Player gained 1 life. Lives: 4 -> 5.
2025-11-05 13:08:54 [INFO] Enemy type 2 spawned.
2025-11-05 13:08:55 [INFO] Enemy type 1 spawned.
2025-11-05 13:08:56 [INFO] POWERUP ACQUIRED: Extra Life.
2025-11-05 13:08:56 [INFO] RESOURCE CHANGE (Lives): Player gained 1 life. Lives: 5 -> 6.
2025-11-05 13:08:56 [INFO] ENEMY HIT: Enemy type 3 attacked by player via bullet. Damage done: 1
2025-11-05 13:08:57 [INFO] ENEMY HIT: Enemy type 3 attacked by player via bullet. Damage done: 1
2025-11-05 13:08:57 [INFO] SCORE CHANGED: Player score updated by +200. Score: 700 -> 900.
2025-11-05 13:08:57 [INFO] ENEMY KILLED: 3. BY: 2
2025-11-05 13:08:57 [INFO] ENEMY HIT: Enemy type 5 attacked by player via bullet. Damage done: 1
2025-11-05 13:08:57 [INFO] ENEMY HIT: Enemy type 5 attacked by player via bullet. Damage done: 1
2025-11-05 13:08:58 [INFO] ENEMY HIT: Enemy type 5 attacked by player via bullet. Damage done: 1
2025-11-05 13:08:58 [INFO] Enemy type 2 spawned.
2025-11-05 13:08:58 [INFO] ENEMY HIT: Enemy type 5 attacked by player via bullet. Damage done: 1
2025-11-05 13:08:58 [INFO] SCORE CHANGED: Player score updated by +100. Score: 900 -> 1000.
2025-11-05 13:08:58 [INFO] ENEMY KILLED: 5. BY: 2
2025-11-05 13:08:59 [INFO] Enemy type 1 spawned.
2025-11-05 13:09:00 [INFO] ENEMY HIT: Enemy type 3 attacked by player via bullet. Damage done: 1
2025-11-05 13:09:00 [INFO] ENEMY HIT: Enemy type 5 attacked by player via bullet. Damage done: 1
2025-11-05 13:09:00 [INFO] ENEMY HIT: Enemy type 5 attacked by player via bullet. Damage done: 1
2025-11-05 13:09:00 [INFO] ENEMY HIT: Enemy type 5 attacked by player via bullet. Damage done: 1
2025-11-05 13:09:01 [INFO] PLAYER HIT: Player attacked by Enemy 4 via bullet. Damage done: 1
2025-11-05 13:09:01 [INFO] ENEMY HIT: Enemy type 5 attacked by player via bullet. Damage done: 1
2025-11-05 13:09:01 [INFO] SCORE CHANGED: Player score updated by +100. Score: 1000 -> 1100.
2025-11-05 13:09:01 [INFO] ENEMY KILLED: 5. BY: 2
2025-11-05 13:09:02 [INFO] Enemy type 2 spawned.
2025-11-05 13:09:02 [INFO] PLAYER HIT: Player attacked by Enemy 4 via bullet. Damage done: 1
2025-11-05 13:09:02 [INFO] Extra life generated.
2025-11-05 13:09:02 [INFO] PLAYER HIT: Player attacked by Enemy 4 via bullet. Damage done: 1
2025-11-05 13:09:02 [INFO] ENEMY HIT: Enemy type 3 attacked by player via bullet. Damage done: 1
2025-11-05 13:09:02 [INFO] ENEMY HIT: Enemy type 3 attacked by player via bullet. Damage done: 1
2025-11-05 13:09:03 [INFO] ENEMY HIT: Enemy type 3 attacked by player via bullet. Damage done: 1
2025-11-05 13:09:03 [INFO] Enemy type 1 spawned.
2025-11-05 13:09:03 [INFO] POWERUP ACQUIRED: Extra Life.
2025-11-05 13:09:03 [INFO] RESOURCE CHANGE (Lives): Player gained 1 life. Lives: 3 -> 4.
2025-11-05 13:09:05 [INFO] Enemy type 2 spawned.
2025-11-05 13:09:06 [INFO] ENEMY HIT: Enemy type 5 attacked by player via bullet. Damage done: 1
2025-11-05 13:09:07 [INFO] ENEMY HIT: Enemy type 5 attacked by player via bullet. Damage done: 1
2025-11-05 13:09:07 [INFO] ENEMY HIT: Enemy type 3 attacked by player via bullet. Damage done: 1
2025-11-05 13:09:07 [INFO] Enemy type 1 spawned.
2025-11-05 13:09:07 [INFO] ENEMY HIT: Enemy type 5 attacked by player via bullet. Damage done: 1
2025-11-05 13:09:07 [INFO] ENEMY HIT: Enemy type 5 attacked by player via bullet. Damage done: 1
2025-11-05 13:09:07 [INFO] SCORE CHANGED: Player score updated by +100. Score: 1100 -> 1200.
2025-11-05 13:09:07 [INFO] ENEMY KILLED: 5. BY: 2
2025-11-05 13:09:09 [INFO] Enemy type 2 spawned.
2025-11-05 13:09:09 [INFO] PLAYER HIT: Player attacked by Enemy 4 via bullet. Damage done: 1
2025-11-05 13:09:10 [INFO] ENEMY HIT: Enemy type 3 attacked by player via bullet. Damage done: 1
2025-11-05 13:09:11 [INFO] PLAYER HIT: Player attacked by Enemy 4 via bullet. Damage done: 1
2025-11-05 13:09:11 [INFO] Enemy type 1 spawned.
2025-11-05 13:09:12 [INFO] Extra life generated.
2025-11-05 13:09:13 [INFO] ENEMY HIT: Enemy type 3 attacked by player via bullet. Damage done: 1
2025-11-05 13:09:13 [INFO] Enemy type 2 spawned.
2025-11-05 13:09:14 [INFO] ENEMY HIT: Enemy type 5 attacked by player via bullet. Damage done: 1
2025-11-05 13:09:14 [INFO] ENEMY HIT: Enemy type 5 attacked by player via bullet. Damage done: 1
2025-11-05 13:09:14 [INFO] ENEMY HIT: Enemy type 5 attacked by player via bullet. Damage done: 1
2025-11-05 13:09:14 [INFO] ENEMY HIT: Enemy type 5 attacked by player via bullet. Damage done: 1
2025-11-05 13:09:15 [INFO] Enemy type 1 spawned.
2025-11-05 13:09:15 [INFO] ENEMY HIT: Enemy type 5 attacked by player via bullet. Damage done: 1
2025-11-05 13:09:15 [INFO] ENEMY HIT: Enemy type 5 attacked by player via bullet. Damage done: 1
2025-11-05 13:09:15 [INFO] ENEMY HIT: Enemy type 5 attacked by player via bullet. Damage done: 1
2025-11-05 13:09:17 [INFO] Enemy type 2 spawned.
2025-11-05 13:09:17 [INFO] ENEMY HIT: Enemy type 5 attacked by player via bullet. Damage done: 1
2025-11-05 13:09:17 [INFO] ENEMY HIT: Enemy type 5 attacked by player via bullet. Damage done: 1
2025-11-05 13:09:18 [INFO] ENEMY HIT: Enemy type 5 attacked by player via bullet. Damage done: 1
2025-11-05 13:09:18 [INFO] ENEMY HIT: Enemy type 5 attacked by player via bullet. Damage done: 1
2025-11-05 13:09:18 [INFO] SCORE CHANGED: Player score updated by +100. Score: 1200 -> 1300.
2025-11-05 13:09:18 [INFO] ENEMY KILLED: 5. BY: 2
2025-11-05 13:09:19 [INFO] Enemy type 1 spawned.
2025-11-05 13:09:19 [INFO] ENEMY HIT: Enemy type 5 attacked by player via bullet. Damage done: 1
2025-11-05 13:09:19 [INFO] ENEMY HIT: Enemy type 5 attacked by player via bullet. Damage done: 1
2025-11-05 13:09:20 [INFO] ENEMY HIT: Enemy type 5 attacked by player via bullet. Damage done: 1
2025-11-05 13:09:20 [INFO] ENEMY HIT: Enemy type 5 attacked by player via bullet. Damage done: 1
2025-11-05 13:09:20 [INFO] SCORE CHANGED: Player score updated by +100. Score: 1300 -> 1400.
2025-11-05 13:09:20 [INFO] ENEMY KILLED: 5. BY: 2
2025-11-05 13:09:20 [INFO] Enemy type 2 spawned.
2025-11-05 13:09:20 [INFO] ENEMY HIT: Enemy type 5 attacked by player via bullet. Damage done: 1
2025-11-05 13:09:20 [INFO] SCORE CHANGED: Player score updated by +100. Score: 1400 -> 1500.
2025-11-05 13:09:20 [INFO] ENEMY KILLED: 5. BY: 2
2025-11-05 13:09:21 [INFO] ENEMY HIT: Enemy type 5 attacked by player via bullet. Damage done: 1
2025-11-05 13:09:22 [INFO] Extra life generated.
2025-11-05 13:09:22 [INFO] Enemy type 1 spawned.
2025-11-05 13:09:23 [INFO] ENEMY HIT: Enemy type 3 attacked by player via bullet. Damage done: 1
2025-11-05 13:09:24 [INFO] Enemy type 2 spawned.
2025-11-05 13:09:24 [INFO] POWERUP ACQUIRED: Extra Life.
2025-11-05 13:09:24 [INFO] RESOURCE CHANGE (Lives): Player gained 1 life. Lives: 2 -> 3.
2025-11-05 13:09:25 [INFO] POWERUP ACQUIRED: Extra Life.
2025-11-05 13:09:25 [INFO] RESOURCE CHANGE (Lives): Player gained 1 life. Lives: 3 -> 4.
2025-11-05 13:09:26 [INFO] Enemy type 1 spawned.
2025-11-05 13:09:28 [INFO] Enemy type 2 spawned.
2025-11-05 13:09:28 [INFO] ENEMY HIT: Enemy type 5 attacked by player via bullet. Damage done: 1
2025-11-05 13:09:28 [INFO] ENEMY HIT: Enemy type 3 attacked by player via bullet. Damage done: 1
2025-11-05 13:09:28 [INFO] SCORE CHANGED: Player score updated by +200. Score: 1500 -> 1700.
2025-11-05 13:09:28 [INFO] ENEMY KILLED: 3. BY: 2
2025-11-05 13:09:29 [INFO] ENEMY HIT: Enemy type 5 attacked by player via bullet. Damage done: 1
2025-11-05 13:09:29 [INFO] ENEMY HIT: Enemy type 5 attacked by player via bullet. Damage done: 1
2025-11-05 13:09:30 [INFO] ENEMY HIT: Enemy type 5 attacked by player via bullet. Damage done: 1
2025-11-05 13:09:30 [INFO] SCORE CHANGED: Player score updated by +100. Score: 1700 -> 1800.
2025-11-05 13:09:30 [INFO] ENEMY KILLED: 5. BY: 2
2025-11-05 13:09:30 [INFO] ENEMY HIT: Enemy type 5 attacked by player via bullet. Damage done: 1
2025-11-05 13:09:30 [INFO] SCORE CHANGED: Player score updated by +100. Score: 1800 -> 1900.
2025-11-05 13:09:30 [INFO] ENEMY KILLED: 5. BY: 2
2025-11-05 13:09:30 [INFO] Enemy type 1 spawned.
2025-11-05 13:09:30 [INFO] ENEMY HIT: Enemy type 5 attacked by player via bullet. Damage done: 1
2025-11-05 13:09:30 [INFO] ENEMY HIT: Enemy type 5 attacked by player via bullet. Damage done: 1
2025-11-05 13:09:31 [INFO] PLAYER HIT: Player attacked by Enemy 4 via bullet. Damage done: 1
2025-11-05 13:09:31 [INFO] ENEMY HIT: Enemy type 5 attacked by player via bullet. Damage done: 1
2025-11-05 13:09:31 [INFO] ENEMY HIT: Enemy type 5 attacked by player via bullet. Damage done: 1
2025-11-05 13:09:31 [INFO] ENEMY HIT: Enemy type 5 attacked by player via bullet. Damage done: 1
2025-11-05 13:09:31 [INFO] SCORE CHANGED: Player score updated by +100. Score: 1900 -> 2000.
2025-11-05 13:09:31 [INFO] ENEMY KILLED: 5. BY: 2
2025-11-05 13:09:31 [INFO] Enemy type 2 spawned.
2025-11-05 13:09:32 [INFO] Time limit expired! Player alive. Triggering victory scene: level_01
2025-11-05 13:09:32 [INFO] SCENE SET: victory_menu.
2025-11-05 13:09:32 [GAME_EVENT] 
2025-11-05 13:09:34 [INFO] Attempting scene transition after Game Over. Scene: level_01
2025-11-05 13:09:34 [INFO] SCENE SET: level_01.
2025-11-05 13:09:34 [GAME_EVENT] 
2025-11-05 13:09:38 [INFO] Enemy type 2 spawned.
2025-11-05 13:09:38 [INFO] Enemy type 1 spawned.
2025-11-05 13:09:41 [INFO] Enemy type 2 spawned.
2025-11-05 13:09:42 [INFO] Enemy type 1 spawned.
2025-11-05 13:09:42 [INFO] ENEMY HIT: Enemy type 3 attacked by player via bullet. Damage done: 1
2025-11-05 13:09:42 [INFO] ENEMY HIT: Enemy type 3 attacked by player via bullet. Damage done: 1
2025-11-05 13:09:42 [INFO] ENEMY HIT: Enemy type 3 attacked by player via bullet. Damage done: 1
2025-11-05 13:09:42 [INFO] SCORE CHANGED: Player score updated by +200. Score: 0 -> 200.
2025-11-05 13:09:42 [INFO] ENEMY KILLED: 3. BY: 2
2025-11-05 13:09:44 [INFO] PLAYER HIT: Player attacked by Enemy 5 via direct contact. Damage done: 2
2025-11-05 13:09:44 [INFO] Extra life generated.
2025-11-05 13:09:45 [INFO] Enemy type 2 spawned.
2025-11-05 13:09:46 [INFO] Enemy type 1 spawned.
2025-11-05 13:09:46 [INFO] ENEMY HIT: Enemy type 3 attacked by player via bullet. Damage done: 1
2025-11-05 13:09:46 [INFO] ENEMY HIT: Enemy type 3 attacked by player via bullet. Damage done: 1
2025-11-05 13:09:48 [INFO] PLAYER HIT: Player attacked by Enemy 5 via direct contact. Damage done: 2
2025-11-05 13:09:49 [INFO] Enemy type 2 spawned.
2025-11-05 13:09:49 [INFO] Enemy type 1 spawned.
2025-11-05 13:09:50 [INFO] ENEMY HIT: Enemy type 3 attacked by player via bullet. Damage done: 1
2025-11-05 13:09:50 [INFO] ENEMY HIT: Enemy type 3 attacked by player via bullet. Damage done: 1
2025-11-05 13:09:52 [INFO] PLAYER HIT: Player attacked by Enemy 5 via direct contact. Damage done: 2
2025-11-05 13:09:52 [INFO] Player died!. Triggering game over scene.
2025-11-05 13:09:52 [INFO] SCENE SET: defeat_menu.
2025-11-05 13:09:52 [GAME_EVENT] 
2025-11-05 13:09:56 [INFO] SCENE SET: main_menu.
2025-11-05 13:09:56 [GAME_EVENT] 
2025-11-05 13:09:58 [INFO] SCENE SET: level_02.
2025-11-05 13:09:58 [GAME_EVENT] 
2025-11-05 13:10:00 [INFO] Enemy type 2 spawned.
2025-11-05 13:10:01 [INFO] Enemy type 1 spawned.
2025-11-05 13:10:02 [INFO] Enemy type 2 spawned.
2025-11-05 13:10:05 [INFO] Enemy type 2 spawned.
2025-11-05 13:10:05 [INFO] Enemy type 1 spawned.
2025-11-05 13:10:06 [INFO] ENEMY HIT: Enemy type 3 attacked by player via bullet. Damage done: 1
2025-11-05 13:10:06 [INFO] Enemy type 3 spawned.
2025-11-05 13:10:06 [INFO] ENEMY HIT: Enemy type 3 attacked by player via bullet. Damage done: 1
2025-11-05 13:10:06 [INFO] PLAYER HIT: Player attacked by Enemy 5 via direct contact. Damage done: 2
2025-11-05 13:10:07 [INFO] Enemy type 2 spawned.
2025-11-05 13:10:08 [INFO] Extra life generated.
2025-11-05 13:10:09 [INFO] PLAYER HIT: Player attacked by Enemy 5 via direct contact. Damage done: 2
2025-11-05 13:10:09 [INFO] Enemy type 1 spawned.
2025-11-05 13:10:09 [INFO] ENEMY HIT: Enemy type 3 attacked by player via bullet. Damage done: 1
2025-11-05 13:10:09 [INFO] Enemy type 2 spawned.
2025-11-05 13:10:10 [INFO] ENEMY HIT: Enemy type 3 attacked by player via bullet. Damage done: 1
2025-11-05 13:10:11 [INFO] PLAYER HIT: Player attacked by Enemy 5 via direct contact. Damage done: 2
2025-11-05 13:10:11 [INFO] Player died!. Triggering game over scene.
2025-11-05 13:10:11 [INFO] SCENE SET: defeat_menu.
2025-11-05 13:10:12 [GAME_EVENT] 
[INFO] --- GAME SESSION ENDED ---
