2025-11-05 13:57:09 [INFO] --- NEW GAME SESSION STARTED ---
2025-11-05 13:57:09 [INFO] GameManagerSystem initialized.
2025-11-05 13:57:09 [GAME_EVENT] 
2025-11-05 13:57:12 [INFO] SCENE SET: level_01.
2025-11-05 13:57:12 [GAME_EVENT] 
2025-11-05 13:57:16 [INFO] Enemy type 2 spawned.
2025-11-05 13:57:16 [INFO] Enemy type 1 spawned.
2025-11-05 13:57:17 [INFO] ENEMY HIT: Enemy type 3 attacked by player via bullet. Damage done: 1
2025-11-05 13:57:19 [INFO] ENEMY HIT: Enemy type 3 attacked by player via bullet. Damage done: 1
2025-11-05 13:57:19 [INFO] ENEMY HIT: Enemy type 3 attacked by player via bullet. Damage done: 1
2025-11-05 13:57:19 [INFO] SCORE CHANGED: Player score updated by +200. Score: 0 -> 200.
2025-11-05 13:57:19 [INFO] ENEMY KILLED: 3. BY: 2
2025-11-05 13:57:19 [INFO] Enemy type 2 spawned.
2025-11-05 13:57:20 [INFO] Enemy type 1 spawned.
2025-11-05 13:57:22 [INFO] Extra life generated.
2025-11-05 13:57:23 [INFO] Enemy type 2 spawned.
2025-11-05 13:57:23 [INFO] Enemy type 1 spawned.
2025-11-05 13:57:24 [INFO] ENEMY HIT: Enemy type 3 attacked by player via bullet. Damage done: 1
2025-11-05 13:57:26 [INFO] ENEMY HIT: Enemy type 3 attacked by player via bullet. Damage done: 1
2025-11-05 13:57:26 [INFO] ENEMY HIT: Enemy type 3 attacked by player via bullet. Damage done: 1
2025-11-05 13:57:26 [INFO] POWERUP ACQUIRED: Extra Life.
2025-11-05 13:57:26 [INFO] RESOURCE CHANGE (Lives): Player gained 1 life. Lives: 5 -> 6.
2025-11-05 13:57:27 [INFO] ENEMY HIT: Enemy type 5 attacked by player via bullet. Damage done: 1
2025-11-05 13:57:27 [INFO] Enemy type 2 spawned.
2025-11-05 13:57:27 [INFO] ENEMY HIT: Enemy type 5 attacked by player via bullet. Damage done: 1
2025-11-05 13:57:27 [INFO] Enemy type 1 spawned.
2025-11-05 13:57:27 [INFO] ENEMY HIT: Enemy type 5 attacked by player via bullet. Damage done: 1
2025-11-05 13:57:29 [INFO] ENEMY HIT: Enemy type 5 attacked by player via bullet. Damage done: 1
2025-11-05 13:57:29 [INFO] ENEMY HIT: Enemy type 5 attacked by player via bullet. Damage done: 1
2025-11-05 13:57:30 [INFO] Enemy type 2 spawned.
2025-11-05 13:57:31 [INFO] Enemy type 1 spawned.
2025-11-05 13:57:32 [INFO] Time limit expired! Player alive. Triggering victory scene: level_01
2025-11-05 13:57:32 [INFO] SCENE SET: victory_menu.
2025-11-05 13:57:32 [INFO] Extra life generated.
2025-11-05 13:57:32 [GAME_EVENT] 
2025-11-05 13:57:35 [INFO] Transitioning to next scene. Current: , Next: level_01
2025-11-05 13:57:35 [INFO] SCENE SET: level_02.
2025-11-05 13:57:35 [GAME_EVENT] 
2025-11-05 13:57:37 [INFO] Enemy type 2 spawned.
2025-11-05 13:57:38 [INFO] Enemy type 1 spawned.
2025-11-05 13:57:39 [INFO] Enemy type 2 spawned.
2025-11-05 13:57:41 [INFO] ENEMY HIT: Enemy type 3 attacked by player via bullet. Damage done: 1
2025-11-05 13:57:41 [INFO] ENEMY HIT: Enemy type 3 attacked by player via bullet. Damage done: 1
2025-11-05 13:57:42 [INFO] Enemy type 2 spawned.
2025-11-05 13:57:42 [INFO] ENEMY HIT: Enemy type 3 attacked by player via bullet. Damage done: 1
2025-11-05 13:57:42 [INFO] SCORE CHANGED: Player score updated by +200. Score: 0 -> 200.
2025-11-05 13:57:42 [INFO] ENEMY KILLED: 3. BY: 2
2025-11-05 13:57:42 [INFO] Enemy type 1 spawned.
2025-11-05 13:57:43 [INFO] Enemy type 3 spawned.
2025-11-05 13:57:43 [INFO] ENEMY HIT: Enemy type 5 attacked by player via bullet. Damage done: 1
2025-11-05 13:57:44 [INFO] Enemy type 2 spawned.
2025-11-05 13:57:45 [INFO] Extra life generated.
2025-11-05 13:57:46 [INFO] ENEMY HIT: Enemy type 3 attacked by player via bullet. Damage done: 1
2025-11-05 13:57:46 [INFO] Enemy type 1 spawned.
2025-11-05 13:57:46 [INFO] ENEMY HIT: Enemy type 3 attacked by player via bullet. Damage done: 1
2025-11-05 13:57:46 [INFO] Enemy type 2 spawned.
2025-11-05 13:57:47 [INFO] PLAYER HIT: Player attacked by Enemy 5 via direct contact. Damage done: 2
2025-11-05 13:57:48 [INFO] POWERUP ACQUIRED: Extra Life.
2025-11-05 13:57:48 [INFO] RESOURCE CHANGE (Lives): Player gained 1 life. Lives: 3 -> 4.
2025-11-05 13:57:49 [INFO] Enemy type 2 spawned.
2025-11-05 13:57:50 [INFO] Enemy type 1 spawned.
2025-11-05 13:57:51 [INFO] Enemy type 3 spawned.
2025-11-05 13:57:51 [INFO] Enemy type 2 spawned.
2025-11-05 13:57:53 [INFO] Enemy type 2 spawned.
2025-11-05 13:57:54 [INFO] Enemy type 1 spawned.
2025-11-05 13:57:54 [INFO] PLAYER HIT: Player attacked by Enemy 5 via direct contact. Damage done: 2
2025-11-05 13:57:55 [INFO] Time limit expired! Player alive. Triggering victory scene: level_02
2025-11-05 13:57:55 [INFO] SCENE SET: victory_menu.
2025-11-05 13:57:55 [INFO] Extra life generated.
2025-11-05 13:57:55 [GAME_EVENT] 
2025-11-05 13:57:56 [INFO] Transitioning to next scene. Current: level_02, Next: level_02
2025-11-05 13:57:56 [INFO] SCENE SET: level_03.
2025-11-05 13:57:56 [GAME_EVENT] 
2025-11-05 13:57:57 [INFO] ENEMY HIT: Enemy type 7 attacked by player via bullet. Damage done: 1
2025-11-05 13:57:58 [INFO] ENEMY HIT: Enemy type 7 attacked by player via bullet. Damage done: 1
2025-11-05 13:57:58 [INFO] ENEMY HIT: Enemy type 7 attacked by player via bullet. Damage done: 1
2025-11-05 13:57:58 [INFO] ENEMY HIT: Enemy type 7 attacked by player via bullet. Damage done: 1
2025-11-05 13:57:59 [INFO] PLAYER HIT: Player attacked by Enemy 13 via bullet. Damage done: 1
[INFO] --- GAME SESSION ENDED ---
