2025-11-05 13:52:48 [INFO] --- NEW GAME SESSION STARTED ---
2025-11-05 13:52:48 [INFO] GameManagerSystem initialized.
2025-11-05 13:52:48 [GAME_EVENT] 
2025-11-05 13:52:54 [INFO] SCENE SET: level_01.
2025-11-05 13:52:54 [GAME_EVENT] 
2025-11-05 13:52:57 [INFO] Enemy type 2 spawned.
2025-11-05 13:52:58 [INFO] Enemy type 1 spawned.
2025-11-05 13:52:59 [INFO] ENEMY HIT: Enemy type 3 attacked by player via bullet. Damage done: 1
2025-11-05 13:52:59 [INFO] ENEMY HIT: Enemy type 3 attacked by player via bullet. Damage done: 1
2025-11-05 13:53:01 [INFO] ENEMY HIT: Enemy type 3 attacked by player via bullet. Damage done: 1
2025-11-05 13:53:01 [INFO] SCORE CHANGED: Player score updated by +200. Score: 0 -> 200.
2025-11-05 13:53:01 [INFO] ENEMY KILLED: 3. BY: 2
2025-11-05 13:53:01 [INFO] Enemy type 2 spawned.
2025-11-05 13:53:01 [INFO] Enemy type 1 spawned.
2025-11-05 13:53:03 [INFO] ENEMY HIT: Enemy type 5 attacked by player via bullet. Damage done: 1
2025-11-05 13:53:04 [INFO] ENEMY HIT: Enemy type 5 attacked by player via bullet. Damage done: 1
2025-11-05 13:53:04 [INFO] Extra life generated.
2025-11-05 13:53:04 [INFO] ENEMY HIT: Enemy type 5 attacked by player via bullet. Damage done: 1
2025-11-05 13:53:05 [INFO] Enemy type 2 spawned.
2025-11-05 13:53:05 [INFO] Enemy type 1 spawned.
2025-11-05 13:53:08 [INFO] Enemy type 2 spawned.
2025-11-05 13:53:08 [INFO] PLAYER HIT: Player attacked by Enemy 5 via direct contact. Damage done: 2
2025-11-05 13:53:09 [INFO] Enemy type 1 spawned.
2025-11-05 13:53:09 [INFO] ENEMY HIT: Enemy type 5 attacked by player via bullet. Damage done: 1
2025-11-05 13:53:10 [INFO] PLAYER HIT: Player attacked by Enemy 5 via direct contact. Damage done: 2
2025-11-05 13:53:11 [INFO] ENEMY HIT: Enemy type 3 attacked by player via bullet. Damage done: 1
2025-11-05 13:53:11 [INFO] ENEMY HIT: Enemy type 3 attacked by player via bullet. Damage done: 1
2025-11-05 13:53:11 [INFO] ENEMY HIT: Enemy type 3 attacked by player via bullet. Damage done: 1
2025-11-05 13:53:11 [INFO] SCORE CHANGED: Player score updated by +200. Score: 200 -> 400.
2025-11-05 13:53:11 [INFO] ENEMY KILLED: 3. BY: 2
2025-11-05 13:53:12 [INFO] Enemy type 2 spawned.
2025-11-05 13:53:12 [INFO] ENEMY HIT: Enemy type 3 attacked by player via bullet. Damage done: 1
2025-11-05 13:53:13 [INFO] PLAYER HIT: Player attacked by Enemy 5 via direct contact. Damage done: 2
2025-11-05 13:53:13 [INFO] Player died!. Triggering game over scene.
2025-11-05 13:53:13 [INFO] SCENE SET: defeat_menu.
2025-11-05 13:53:13 [GAME_EVENT] 
2025-11-05 13:53:19 [INFO] Attempting scene transition after Game Over. Scene: level_01
2025-11-05 13:53:19 [INFO] SCENE SET: level_01.
2025-11-05 13:53:19 [GAME_EVENT] 
2025-11-05 13:53:23 [INFO] Enemy type 2 spawned.
2025-11-05 13:53:23 [INFO] Enemy type 1 spawned.
2025-11-05 13:53:25 [INFO] ENEMY HIT: Enemy type 5 attacked by player via bullet. Damage done: 1
2025-11-05 13:53:25 [INFO] ENEMY HIT: Enemy type 3 attacked by player via bullet. Damage done: 1
2025-11-05 13:53:27 [INFO] ENEMY HIT: Enemy type 3 attacked by player via bullet. Damage done: 1
2025-11-05 13:53:27 [INFO] Enemy type 2 spawned.
2025-11-05 13:53:27 [INFO] Enemy type 1 spawned.
2025-11-05 13:53:27 [INFO] ENEMY HIT: Enemy type 3 attacked by player via bullet. Damage done: 1
2025-11-05 13:53:27 [INFO] SCORE CHANGED: Player score updated by +200. Score: 0 -> 200.
2025-11-05 13:53:27 [INFO] ENEMY KILLED: 3. BY: 2
2025-11-05 13:53:29 [INFO] Extra life generated.
2025-11-05 13:53:30 [INFO] ENEMY HIT: Enemy type 5 attacked by player via bullet. Damage done: 1
2025-11-05 13:53:30 [INFO] Enemy type 2 spawned.
2025-11-05 13:53:30 [INFO] ENEMY HIT: Enemy type 5 attacked by player via bullet. Damage done: 1
2025-11-05 13:53:31 [INFO] ENEMY HIT: Enemy type 5 attacked by player via bullet. Damage done: 1
2025-11-05 13:53:31 [INFO] SCORE CHANGED: Player score updated by +100. Score: 200 -> 300.
2025-11-05 13:53:31 [INFO] ENEMY KILLED: 5. BY: 2
2025-11-05 13:53:31 [INFO] Enemy type 1 spawned.
2025-11-05 13:53:32 [INFO] POWERUP ACQUIRED: Extra Life.
2025-11-05 13:53:32 [INFO] RESOURCE CHANGE (Lives): Player gained 1 life. Lives: 5 -> 6.
2025-11-05 13:53:34 [INFO] Enemy type 2 spawned.
2025-11-05 13:53:35 [INFO] Enemy type 1 spawned.
2025-11-05 13:53:37 [INFO] ENEMY HIT: Enemy type 5 attacked by player via bullet. Damage done: 1
2025-11-05 13:53:38 [INFO] Enemy type 2 spawned.
2025-11-05 13:53:38 [INFO] ENEMY HIT: Enemy type 5 attacked by player via bullet. Damage done: 1
2025-11-05 13:53:38 [INFO] ENEMY HIT: Enemy type 5 attacked by player via bullet. Damage done: 1
2025-11-05 13:53:39 [INFO] Enemy type 1 spawned.
2025-11-05 13:53:39 [INFO] ENEMY HIT: Enemy type 3 attacked by player via bullet. Damage done: 1
2025-11-05 13:53:39 [INFO] Time limit expired! Player alive. Triggering victory scene: level_01
2025-11-05 13:53:39 [INFO] SCENE SET: victory_menu.
2025-11-05 13:53:39 [INFO] Extra life generated.
2025-11-05 13:53:39 [GAME_EVENT] 
2025-11-05 13:53:42 [INFO] Attempting scene transition after Game Over. Scene: level_01
2025-11-05 13:53:42 [INFO] SCENE SET: level_01.
2025-11-05 13:53:42 [GAME_EVENT] 
2025-11-05 13:53:46 [INFO] Enemy type 2 spawned.
2025-11-05 13:53:46 [INFO] Enemy type 1 spawned.
2025-11-05 13:53:50 [INFO] Enemy type 2 spawned.
2025-11-05 13:53:50 [INFO] ENEMY HIT: Enemy type 3 attacked by player via bullet. Damage done: 1
2025-11-05 13:53:50 [INFO] Enemy type 1 spawned.
2025-11-05 13:53:51 [INFO] ENEMY HIT: Enemy type 5 attacked by player via bullet. Damage done: 1
2025-11-05 13:53:51 [INFO] ENEMY HIT: Enemy type 5 attacked by player via bullet. Damage done: 1
2025-11-05 13:53:52 [INFO] ENEMY HIT: Enemy type 5 attacked by player via bullet. Damage done: 1
2025-11-05 13:53:52 [INFO] ENEMY HIT: Enemy type 5 attacked by player via bullet. Damage done: 1
2025-11-05 13:53:52 [INFO] SCORE CHANGED: Player score updated by +100. Score: 0 -> 100.
2025-11-05 13:53:52 [INFO] ENEMY KILLED: 5. BY: 2
2025-11-05 13:53:52 [INFO] Extra life generated.
2025-11-05 13:53:53 [INFO] Enemy type 2 spawned.
2025-11-05 13:53:54 [INFO] Enemy type 1 spawned.
2025-11-05 13:53:54 [INFO] ENEMY HIT: Enemy type 3 attacked by player via bullet. Damage done: 1
2025-11-05 13:53:55 [INFO] POWERUP ACQUIRED: Extra Life.
2025-11-05 13:53:55 [INFO] RESOURCE CHANGE (Lives): Player gained 1 life. Lives: 5 -> 6.
2025-11-05 13:53:57 [INFO] Enemy type 2 spawned.
2025-11-05 13:53:58 [INFO] Enemy type 1 spawned.
2025-11-05 13:53:58 [INFO] ENEMY HIT: Enemy type 5 attacked by player via bullet. Damage done: 1
2025-11-05 13:53:59 [INFO] ENEMY HIT: Enemy type 5 attacked by player via bullet. Damage done: 1
2025-11-05 13:53:59 [INFO] ENEMY HIT: Enemy type 5 attacked by player via bullet. Damage done: 1
2025-11-05 13:53:59 [INFO] ENEMY HIT: Enemy type 5 attacked by player via bullet. Damage done: 1
2025-11-05 13:53:59 [INFO] SCORE CHANGED: Player score updated by +100. Score: 100 -> 200.
2025-11-05 13:53:59 [INFO] ENEMY KILLED: 5. BY: 2
2025-11-05 13:54:00 [INFO] ENEMY HIT: Enemy type 3 attacked by player via bullet. Damage done: 1
2025-11-05 13:54:01 [INFO] Enemy type 2 spawned.
2025-11-05 13:54:01 [INFO] ENEMY HIT: Enemy type 5 attacked by player via bullet. Damage done: 1
2025-11-05 13:54:01 [INFO] ENEMY HIT: Enemy type 3 attacked by player via bullet. Damage done: 1
2025-11-05 13:54:01 [INFO] ENEMY HIT: Enemy type 5 attacked by player via bullet. Damage done: 1
2025-11-05 13:54:01 [INFO] ENEMY HIT: Enemy type 3 attacked by player via bullet. Damage done: 1
2025-11-05 13:54:01 [INFO] ENEMY HIT: Enemy type 5 attacked by player via bullet. Damage done: 1
2025-11-05 13:54:02 [INFO] Enemy type 1 spawned.
2025-11-05 13:54:02 [INFO] ENEMY HIT: Enemy type 5 attacked by player via bullet. Damage done: 1
2025-11-05 13:54:02 [INFO] SCORE CHANGED: Player score updated by +100. Score: 200 -> 300.
2025-11-05 13:54:02 [INFO] ENEMY KILLED: 5. BY: 2
2025-11-05 13:54:02 [INFO] Time limit expired! Player alive. Triggering victory scene: level_01
2025-11-05 13:54:02 [INFO] SCENE SET: victory_menu.
2025-11-05 13:54:02 [GAME_EVENT] 
2025-11-05 13:54:05 [INFO] Attempting scene transition after Game Over. Scene: level_01
2025-11-05 13:54:05 [INFO] SCENE SET: level_01.
2025-11-05 13:54:05 [GAME_EVENT] 
[INFO] --- GAME SESSION ENDED ---
